10:04:26:786  INFO 23924 --- [main] com.hmall.gateway.GatewayApplication     : Starting GatewayApplication using Java 11.0.0.1 on AkaryC1b with PID 23924 (E:\SpringCloud\day03微服务01\资料\hmall\hm-gateway\target\classes started by akary in E:\SpringCloud\day03微服务01\资料\hmall)
10:04:26:791 DEBUG 23924 --- [main] com.hmall.gateway.GatewayApplication     : Running with Spring Boot v2.7.12, Spring v5.3.27
10:04:26:791  INFO 23924 --- [main] com.hmall.gateway.GatewayApplication     : The following 1 profile is active: "local"
10:04:27:266  INFO 23924 --- [main] o.s.cloud.context.scope.GenericScope     : BeanFactory id=88bb35eb-2642-3663-aa44-0aff863d1b40
10:04:27:313  INFO 23924 --- [main] trationDelegate$BeanPostProcessorChecker : Bean 'org.springframework.cloud.client.loadbalancer.reactive.LoadBalancerBeanPostProcessorAutoConfiguration' of type [org.springframework.cloud.client.loadbalancer.reactive.LoadBalancerBeanPostProcessorAutoConfiguration] is not eligible for getting processed by all BeanPostProcessors (for example: not eligible for auto-proxying)
10:04:27:314  INFO 23924 --- [main] trationDelegate$BeanPostProcessorChecker : Bean 'org.springframework.cloud.client.loadbalancer.reactive.LoadBalancerBeanPostProcessorAutoConfiguration$ReactorDeferringLoadBalancerFilterConfig' of type [org.springframework.cloud.client.loadbalancer.reactive.LoadBalancerBeanPostProcessorAutoConfiguration$ReactorDeferringLoadBalancerFilterConfig] is not eligible for getting processed by all BeanPostProcessors (for example: not eligible for auto-proxying)
10:04:27:315  INFO 23924 --- [main] trationDelegate$BeanPostProcessorChecker : Bean 'reactorDeferringLoadBalancerExchangeFilterFunction' of type [org.springframework.cloud.client.loadbalancer.reactive.DeferringLoadBalancerExchangeFilterFunction] is not eligible for getting processed by all BeanPostProcessors (for example: not eligible for auto-proxying)
10:04:30:097  INFO 23924 --- [main] o.s.c.g.r.RouteDefinitionRouteLocator    : Loaded RoutePredicateFactory [After]
10:04:30:098  INFO 23924 --- [main] o.s.c.g.r.RouteDefinitionRouteLocator    : Loaded RoutePredicateFactory [Before]
10:04:30:098  INFO 23924 --- [main] o.s.c.g.r.RouteDefinitionRouteLocator    : Loaded RoutePredicateFactory [Between]
10:04:30:098  INFO 23924 --- [main] o.s.c.g.r.RouteDefinitionRouteLocator    : Loaded RoutePredicateFactory [Cookie]
10:04:30:098  INFO 23924 --- [main] o.s.c.g.r.RouteDefinitionRouteLocator    : Loaded RoutePredicateFactory [Header]
10:04:30:098  INFO 23924 --- [main] o.s.c.g.r.RouteDefinitionRouteLocator    : Loaded RoutePredicateFactory [Host]
10:04:30:098  INFO 23924 --- [main] o.s.c.g.r.RouteDefinitionRouteLocator    : Loaded RoutePredicateFactory [Method]
10:04:30:098  INFO 23924 --- [main] o.s.c.g.r.RouteDefinitionRouteLocator    : Loaded RoutePredicateFactory [Path]
10:04:30:098  INFO 23924 --- [main] o.s.c.g.r.RouteDefinitionRouteLocator    : Loaded RoutePredicateFactory [Query]
10:04:30:098  INFO 23924 --- [main] o.s.c.g.r.RouteDefinitionRouteLocator    : Loaded RoutePredicateFactory [ReadBody]
10:04:30:098  INFO 23924 --- [main] o.s.c.g.r.RouteDefinitionRouteLocator    : Loaded RoutePredicateFactory [RemoteAddr]
10:04:30:099  INFO 23924 --- [main] o.s.c.g.r.RouteDefinitionRouteLocator    : Loaded RoutePredicateFactory [XForwardedRemoteAddr]
10:04:30:099  INFO 23924 --- [main] o.s.c.g.r.RouteDefinitionRouteLocator    : Loaded RoutePredicateFactory [Weight]
10:04:30:099  INFO 23924 --- [main] o.s.c.g.r.RouteDefinitionRouteLocator    : Loaded RoutePredicateFactory [CloudFoundryRouteService]
10:04:31:391  INFO 23924 --- [main] com.alibaba.nacos.common.remote.client   : [RpcClientFactory] create a new rpc client of dc98c0c0-4c27-4a63-b6ea-da84d08e76eb
10:04:31:429  INFO 23924 --- [main] org.reflections.Reflections              : Reflections took 24 ms to scan 1 urls, producing 3 keys and 6 values 
10:04:31:447  INFO 23924 --- [main] org.reflections.Reflections              : Reflections took 7 ms to scan 1 urls, producing 4 keys and 9 values 
10:04:31:453  INFO 23924 --- [main] org.reflections.Reflections              : Reflections took 5 ms to scan 1 urls, producing 3 keys and 10 values 
10:04:31:456  WARN 23924 --- [main] org.reflections.Reflections              : given scan urls are empty. set urls in the configuration
10:04:31:460  INFO 23924 --- [main] org.reflections.Reflections              : Reflections took 4 ms to scan 1 urls, producing 1 keys and 5 values 
10:04:31:467  INFO 23924 --- [main] org.reflections.Reflections              : Reflections took 5 ms to scan 1 urls, producing 1 keys and 7 values 
10:04:31:473  INFO 23924 --- [main] org.reflections.Reflections              : Reflections took 5 ms to scan 1 urls, producing 2 keys and 8 values 
10:04:31:475  WARN 23924 --- [main] org.reflections.Reflections              : given scan urls are empty. set urls in the configuration
10:04:31:476  INFO 23924 --- [main] com.alibaba.nacos.common.remote.client   : [dc98c0c0-4c27-4a63-b6ea-da84d08e76eb] RpcClient init label, labels = {module=naming, source=sdk}
10:04:31:477  INFO 23924 --- [main] com.alibaba.nacos.common.remote.client   : [dc98c0c0-4c27-4a63-b6ea-da84d08e76eb] RpcClient init, ServerListFactory = com.alibaba.nacos.client.naming.core.ServerListManager
10:04:31:477  INFO 23924 --- [main] com.alibaba.nacos.common.remote.client   : [dc98c0c0-4c27-4a63-b6ea-da84d08e76eb] Registry connection listener to current client:com.alibaba.nacos.client.naming.remote.gprc.redo.NamingGrpcRedoService
10:04:31:477  INFO 23924 --- [main] com.alibaba.nacos.common.remote.client   : [dc98c0c0-4c27-4a63-b6ea-da84d08e76eb] Register server push request handler:com.alibaba.nacos.client.naming.remote.gprc.NamingPushRequestHandler
10:04:31:479  INFO 23924 --- [main] com.alibaba.nacos.common.remote.client   : [dc98c0c0-4c27-4a63-b6ea-da84d08e76eb] Try to connect to server on start up, server: {serverIp = '192.168.15.215', server main port = 8848}
10:04:34:486  INFO 23924 --- [main] com.alibaba.nacos.common.remote.client   : [dc98c0c0-4c27-4a63-b6ea-da84d08e76eb] Success to connect to server [192.168.15.215:8848] on start up, connectionId = 1719367474680_192.168.15.235_3758
10:04:34:486  INFO 23924 --- [com.alibaba.nacos.client.remote.worker] com.alibaba.nacos.common.remote.client   : [dc98c0c0-4c27-4a63-b6ea-da84d08e76eb] Notify connected event to listeners.
10:04:34:487  INFO 23924 --- [main] com.alibaba.nacos.common.remote.client   : [dc98c0c0-4c27-4a63-b6ea-da84d08e76eb] Register server push request handler:com.alibaba.nacos.common.remote.client.RpcClient$ConnectResetRequestHandler
10:04:34:487  INFO 23924 --- [main] com.alibaba.nacos.common.remote.client   : [dc98c0c0-4c27-4a63-b6ea-da84d08e76eb] Register server push request handler:com.alibaba.nacos.common.remote.client.RpcClient$$Lambda$792/0x000000080068c840
10:04:35:072  INFO 23924 --- [nacos-grpc-client-executor-6] com.alibaba.nacos.common.remote.client   : [dc98c0c0-4c27-4a63-b6ea-da84d08e76eb] Receive server push request, request = NotifySubscriberRequest, requestId = 4
10:04:35:073  INFO 23924 --- [nacos-grpc-client-executor-6] com.alibaba.nacos.common.remote.client   : [dc98c0c0-4c27-4a63-b6ea-da84d08e76eb] Ack server push request, request = NotifySubscriberRequest, requestId = 4
10:04:35:308  INFO 23924 --- [main] o.s.b.web.embedded.netty.NettyWebServer  : Netty started on port 8080
10:04:37:410  INFO 23924 --- [main] c.a.c.n.registry.NacosServiceRegistry    : nacos registry, DEFAULT_GROUP gateway-service 192.168.209.1:8080 register finished
10:04:37:422  INFO 23924 --- [main] com.hmall.gateway.GatewayApplication     : Started GatewayApplication in 12.182 seconds (JVM running for 13.541)
10:04:37:978  INFO 23924 --- [nacos-grpc-client-executor-12] com.alibaba.nacos.common.remote.client   : [dc98c0c0-4c27-4a63-b6ea-da84d08e76eb] Receive server push request, request = NotifySubscriberRequest, requestId = 5
10:04:37:979  INFO 23924 --- [nacos-grpc-client-executor-12] com.alibaba.nacos.common.remote.client   : [dc98c0c0-4c27-4a63-b6ea-da84d08e76eb] Ack server push request, request = NotifySubscriberRequest, requestId = 5
10:04:39:685  INFO 23924 --- [nacos-grpc-client-executor-14] com.alibaba.nacos.common.remote.client   : [dc98c0c0-4c27-4a63-b6ea-da84d08e76eb] Receive server push request, request = NotifySubscriberRequest, requestId = 6
10:04:39:686  INFO 23924 --- [nacos-grpc-client-executor-14] com.alibaba.nacos.common.remote.client   : [dc98c0c0-4c27-4a63-b6ea-da84d08e76eb] Ack server push request, request = NotifySubscriberRequest, requestId = 6
10:04:40:688  INFO 23924 --- [nacos-grpc-client-executor-17] com.alibaba.nacos.common.remote.client   : [dc98c0c0-4c27-4a63-b6ea-da84d08e76eb] Receive server push request, request = NotifySubscriberRequest, requestId = 7
10:04:40:691  INFO 23924 --- [nacos-grpc-client-executor-17] com.alibaba.nacos.common.remote.client   : [dc98c0c0-4c27-4a63-b6ea-da84d08e76eb] Ack server push request, request = NotifySubscriberRequest, requestId = 7
10:04:42:698  WARN 23924 --- [boundedElastic-1] o.s.c.l.core.RoundRobinLoadBalancer      : No servers available for service: item-service
10:04:43:200  INFO 23924 --- [nacos-grpc-client-executor-21] com.alibaba.nacos.common.remote.client   : [dc98c0c0-4c27-4a63-b6ea-da84d08e76eb] Receive server push request, request = NotifySubscriberRequest, requestId = 8
10:04:43:200  INFO 23924 --- [nacos-grpc-client-executor-21] com.alibaba.nacos.common.remote.client   : [dc98c0c0-4c27-4a63-b6ea-da84d08e76eb] Ack server push request, request = NotifySubscriberRequest, requestId = 8
10:05:03:484  INFO 23924 --- [nacos-grpc-client-executor-27] com.alibaba.nacos.common.remote.client   : [dc98c0c0-4c27-4a63-b6ea-da84d08e76eb] Receive server push request, request = NotifySubscriberRequest, requestId = 10
10:05:03:485  INFO 23924 --- [nacos-grpc-client-executor-27] com.alibaba.nacos.common.remote.client   : [dc98c0c0-4c27-4a63-b6ea-da84d08e76eb] Ack server push request, request = NotifySubscriberRequest, requestId = 10
10:05:53:680  INFO 23924 --- [nacos-grpc-client-executor-41] com.alibaba.nacos.common.remote.client   : [dc98c0c0-4c27-4a63-b6ea-da84d08e76eb] Receive server push request, request = NotifySubscriberRequest, requestId = 11
10:05:53:682  INFO 23924 --- [nacos-grpc-client-executor-41] com.alibaba.nacos.common.remote.client   : [dc98c0c0-4c27-4a63-b6ea-da84d08e76eb] Ack server push request, request = NotifySubscriberRequest, requestId = 11
10:06:31:443  INFO 23924 --- [nacos-grpc-client-executor-49] com.alibaba.nacos.common.remote.client   : [dc98c0c0-4c27-4a63-b6ea-da84d08e76eb] Receive server push request, request = NotifySubscriberRequest, requestId = 13
10:06:31:445  INFO 23924 --- [nacos-grpc-client-executor-49] com.alibaba.nacos.common.remote.client   : [dc98c0c0-4c27-4a63-b6ea-da84d08e76eb] Ack server push request, request = NotifySubscriberRequest, requestId = 13
10:06:40:032  WARN 23924 --- [boundedElastic-2] o.s.c.l.core.RoundRobinLoadBalancer      : No servers available for service: trade-service
10:06:40:594  INFO 23924 --- [nacos-grpc-client-executor-56] com.alibaba.nacos.common.remote.client   : [dc98c0c0-4c27-4a63-b6ea-da84d08e76eb] Receive server push request, request = NotifySubscriberRequest, requestId = 15
10:06:40:594  INFO 23924 --- [nacos-grpc-client-executor-56] com.alibaba.nacos.common.remote.client   : [dc98c0c0-4c27-4a63-b6ea-da84d08e76eb] Ack server push request, request = NotifySubscriberRequest, requestId = 15
10:26:20:727  INFO 23924 --- [nacos-grpc-client-executor-330] com.alibaba.nacos.common.remote.client   : [dc98c0c0-4c27-4a63-b6ea-da84d08e76eb] Receive server push request, request = NotifySubscriberRequest, requestId = 17
10:26:20:730  INFO 23924 --- [nacos-grpc-client-executor-330] com.alibaba.nacos.common.remote.client   : [dc98c0c0-4c27-4a63-b6ea-da84d08e76eb] Ack server push request, request = NotifySubscriberRequest, requestId = 17
10:26:33:742  WARN 23924 --- [boundedElastic-4] o.s.c.l.core.RoundRobinLoadBalancer      : No servers available for service: cart-service
10:26:36:211  WARN 23924 --- [boundedElastic-4] o.s.c.l.core.RoundRobinLoadBalancer      : No servers available for service: cart-service
10:26:44:228  INFO 23924 --- [nacos-grpc-client-executor-337] com.alibaba.nacos.common.remote.client   : [dc98c0c0-4c27-4a63-b6ea-da84d08e76eb] Receive server push request, request = NotifySubscriberRequest, requestId = 19
10:26:44:229  INFO 23924 --- [nacos-grpc-client-executor-337] com.alibaba.nacos.common.remote.client   : [dc98c0c0-4c27-4a63-b6ea-da84d08e76eb] Ack server push request, request = NotifySubscriberRequest, requestId = 19
11:05:07:517  WARN 23924 --- [Thread-4] c.a.nacos.common.notify.NotifyCenter     : [NotifyCenter] Start destroying Publisher
11:05:07:517  WARN 23924 --- [Thread-7] c.a.n.common.http.HttpClientBeanHolder   : [HttpClientBeanHolder] Start destroying common HttpClient
11:05:07:519  WARN 23924 --- [Thread-4] c.a.nacos.common.notify.NotifyCenter     : [NotifyCenter] Destruction of the end
11:05:07:521  WARN 23924 --- [Thread-7] c.a.n.common.http.HttpClientBeanHolder   : [HttpClientBeanHolder] Destruction of the end
11:05:07:545  INFO 23924 --- [SpringApplicationShutdownHook] c.a.c.n.registry.NacosServiceRegistry    : De-registering from Nacos Server now...
11:05:07:550  INFO 23924 --- [SpringApplicationShutdownHook] c.a.c.n.registry.NacosServiceRegistry    : De-registration finished.
11:05:07:876  INFO 23924 --- [SpringApplicationShutdownHook] com.alibaba.nacos.common.remote.client   : Shutdown rpc client, set status to shutdown
11:05:07:876  INFO 23924 --- [SpringApplicationShutdownHook] com.alibaba.nacos.common.remote.client   : Shutdown client event executor java.util.concurrent.ScheduledThreadPoolExecutor@39226f61[Running, pool size = 2, active threads = 2, queued tasks = 0, completed tasks = 0]
11:05:07:876  INFO 23924 --- [SpringApplicationShutdownHook] com.alibaba.nacos.common.remote.client   : Close current connection 1719367474680_192.168.15.235_3758
11:05:07:878  INFO 23924 --- [nacos-grpc-client-executor-841] c.a.n.c.remote.client.grpc.GrpcClient    : [1719367474680_192.168.15.235_3758]Ignore complete event,isRunning:false,isAbandon=false
11:05:07:882  INFO 23924 --- [SpringApplicationShutdownHook] c.a.n.c.remote.client.grpc.GrpcClient    : Shutdown grpc executor java.util.concurrent.ThreadPoolExecutor@7ae31b5c[Running, pool size = 5, active threads = 0, queued tasks = 0, completed tasks = 842]
